<?xml version="1.0" encoding="UTF-8"?>
<!-- Generated by org.testng.reporters.JUnitXMLReporter -->
<testsuite hostname="hpindia" ignored="6" name="Surefire test" tests="22" failures="0" timestamp="01 Dec 2019 13:49:27 GMT" time="0.105" errors="0">
  <testcase name="@BeforeTest setUp" time="0.033" classname="com.testautomationguru.container.test.BaseTest">
    <failure type="java.lang.NullPointerException">
      <![CDATA[java.lang.NullPointerException
	at com.testautomationguru.container.test.BaseTest.setUp(BaseTest.java:33)
... Removed 27 stack frames]]>
    </failure>
  </testcase> <!-- @BeforeTest setUp -->
  <testcase name="@AfterTest tearDown" time="0.0" classname="com.testautomationguru.container.test.BaseTest">
    <skipped/>
  </testcase> <!-- @AfterTest tearDown -->
  <testcase name="googleTest" time="0.001" classname="com.testautomationguru.container.test.OrderTest">
    <skipped/>
  </testcase> <!-- googleTest -->
  <testcase name="googleTest" time="0.0" classname="com.testautomationguru.container.test.OrderTest">
    <skipped/>
  </testcase> <!-- googleTest -->
  <testcase name="googleTest" time="0.0" classname="com.testautomationguru.container.test.OrderTest">
    <skipped/>
  </testcase> <!-- googleTest -->
  <testcase name="googleTest" time="0.0" classname="com.testautomationguru.container.test.OrderTest">
    <skipped/>
  </testcase> <!-- googleTest -->
  <testcase name="googleTest" time="0.0" classname="com.testautomationguru.container.test.OrderTest">
    <skipped/>
  </testcase> <!-- googleTest -->
  <testcase name="googleTest" time="0.0" classname="com.testautomationguru.container.test.OrderTest">
    <skipped/>
  </testcase> <!-- googleTest -->
  <testcase name="googleTest" time="0.001" classname="com.testautomationguru.container.test.OrderTest">
    <skipped/>
  </testcase> <!-- googleTest -->
  <testcase name="googleTest" time="0.0" classname="com.testautomationguru.container.test.OrderTest">
    <skipped/>
  </testcase> <!-- googleTest -->
  <testcase name="googleTest" time="0.0" classname="com.testautomationguru.container.test.OrderTest">
    <skipped/>
  </testcase> <!-- googleTest -->
  <testcase name="googleTest" time="0.0" classname="com.testautomationguru.container.test.OrderTest">
    <skipped/>
  </testcase> <!-- googleTest -->
  <testcase name="googleTest" time="0.0" classname="com.testautomationguru.container.test.OrderTest">
    <skipped/>
  </testcase> <!-- googleTest -->
  <testcase name="googleTest" time="0.0" classname="com.testautomationguru.container.test.OrderTest">
    <skipped/>
  </testcase> <!-- googleTest -->
  <testcase name="googleTest" time="0.0" classname="com.testautomationguru.container.test.SearchTest">
    <skipped/>
  </testcase> <!-- googleTest -->
  <testcase name="googleTest" time="0.0" classname="com.testautomationguru.container.test.SearchTest">
    <skipped/>
  </testcase> <!-- googleTest -->
  <testcase name="googleTest" time="0.0" classname="com.testautomationguru.container.test.SearchTest">
    <skipped/>
  </testcase> <!-- googleTest -->
  <testcase name="googleTest" time="0.0" classname="com.testautomationguru.container.test.SearchTest">
    <skipped/>
  </testcase> <!-- googleTest -->
  <testcase name="googleTest" time="0.0" classname="com.testautomationguru.container.test.SearchTest">
    <skipped/>
  </testcase> <!-- googleTest -->
  <testcase name="googleTest" time="0.0" classname="com.testautomationguru.container.test.SearchTest">
    <skipped/>
  </testcase> <!-- googleTest -->
  <testcase name="googleTest" time="0.0" classname="com.testautomationguru.container.test.SearchTest">
    <skipped/>
  </testcase> <!-- googleTest -->
  <testcase name="googleTest" time="0.0" classname="com.testautomationguru.container.test.SearchTest">
    <skipped/>
  </testcase> <!-- googleTest -->
  <testcase name="googleTest" time="0.0" classname="com.testautomationguru.container.test.SearchTest">
    <skipped/>
  </testcase> <!-- googleTest -->
  <testcase name="googleTest" time="0.0" classname="com.testautomationguru.container.test.SearchTest">
    <skipped/>
  </testcase> <!-- googleTest -->
  <testcase name="@AfterTest tearDown" time="0.0" classname="com.testautomationguru.container.test.BaseTest">
    <ignored/>
  </testcase> <!-- @AfterTest tearDown -->
  <testcase name="@AfterTest tearDown" time="0.0" classname="com.testautomationguru.container.test.BaseTest">
    <ignored/>
  </testcase> <!-- @AfterTest tearDown -->
  <testcase name="@BeforeTest setUp" time="0.0" classname="com.testautomationguru.container.test.SearchTest">
    <ignored/>
  </testcase> <!-- @BeforeTest setUp -->
  <testcase name="@BeforeSuite initialDelay" time="0.0" classname="com.testautomationguru.container.test.BaseTest">
    <ignored/>
  </testcase> <!-- @BeforeSuite initialDelay -->
  <testcase name="@BeforeSuite initialDelay" time="0.0" classname="com.testautomationguru.container.test.BaseTest">
    <ignored/>
  </testcase> <!-- @BeforeSuite initialDelay -->
  <testcase name="@BeforeTest setUp" time="0.0" classname="com.testautomationguru.container.test.OrderTest">
    <ignored/>
  </testcase> <!-- @BeforeTest setUp -->
</testsuite> <!-- Surefire test -->
