<?xml version="1.0" encoding="UTF-8"?>
<testng-results skipped="0" failed="0" ignored="0" total="1" passed="1">
  <reporter-output>
  </reporter-output>
  <suite name="Surefire suite" duration-ms="24809" started-at="2019-12-01T14:31:26Z" finished-at="2019-12-01T14:31:51Z">
    <groups>
    </groups>
    <test name="Surefire test" duration-ms="24809" started-at="2019-12-01T14:31:26Z" finished-at="2019-12-01T14:31:51Z">
      <class name="com.testautomationguru.container.test.BaseTest">
        <test-method status="PASS" signature="testApp()[pri:0, instance:com.testautomationguru.container.test.BaseTest@5f2050f6]" name="testApp" duration-ms="24786" started-at="2019-12-01T20:01:26Z" finished-at="2019-12-01T20:01:51Z">
          <reporter-output>
          </reporter-output>
        </test-method> <!-- testApp -->
      </class> <!-- com.testautomationguru.container.test.BaseTest -->
    </test> <!-- Surefire test -->
  </suite> <!-- Surefire suite -->
</testng-results>
